1
8
9
10
11
12
15
19
22
29
30
34
36
38
49
70
75
92
104
109
110
119
133
135
139
147
148
149
150
152
153
155
156
159
24
23
26
6
5
3
21
4
158
25
20
18
17
16
14
13
7
137
154
144
146
143
157
151
145
141
140
138
136
131
127
132
130
129
128
126
125
124
114
116
123
122
121
120
118
117
115
112
107
102
106
108
113
111
105
103
90
100
99
96
101
98
97
95
94
93
91
85
84
81
87
88
89
86
83
82
80
71
79
78
77
76
74
73
72
69
67
61
68
66
65
64
63
62
60
52
59
58
57
56
55
54
53
51
42
41
50
48
47
46
45
44
43
32
40
35
31
39
37
33
28
27
2
